<?xml version="1.0" encoding="UTF-8"?>
<testng-results ignored="0" total="1" passed="1" failed="0" skipped="0">
  <reporter-output>
  </reporter-output>
  <suite started-at="2021-11-07T23:06:16 IST" name="Default suite" finished-at="2021-11-07T23:06:58 IST" duration-ms="42527">
    <groups>
    </groups>
    <test started-at="2021-11-07T23:06:16 IST" name="Default test" finished-at="2021-11-07T23:06:58 IST" duration-ms="42527">
      <class name="JenkinsLogin.Firstlogin">
        <test-method signature="login()[pri:0, instance:JenkinsLogin.Firstlogin@f5acb9d]" started-at="2021-11-07T23:06:16 IST" name="login" finished-at="2021-11-07T23:06:58 IST" duration-ms="42465" status="PASS">
          <reporter-output>
          </reporter-output>
        </test-method> <!-- login -->
      </class> <!-- JenkinsLogin.Firstlogin -->
    </test> <!-- Default test -->
  </suite> <!-- Default suite -->
</testng-results>
